h


> ?

Usage: D dump, V video dump, C change, R run, ? help, X clear/reset
> x

CSCvon8 Monitor, Revision: 2.06, 01/01/2021
Type ? for help

> r80

CSCvon8 Monitor, Revision: 2.06, 01/01CSCvon8 Monitor, Revision: 2.06, 01/01/2021
Type ? for help

> 
> C8000

Enter space separated hex digits, end with Z

40 fc 12 60 3c 41 fc 13 f0 fe fc 80 0f 03 58 f0 
fe 00 80 16 80 38 f0 fd fe 80 1d 80 89 60 30 41 
fc 13 f0 fd fc 80 29 81 cb 60 0c 41 fc 13 f0 fd 
fe 80 35 80 89 70 00 ce 40 87 01 40 87 00 63 87 
01 90 83 61 30 0b 63 87 01 92 84 62 87 01 61 51 
45 87 01 81 80 3e f1 fe 00 40 87 01 62 87 01 61 
09 13 79 80 68 70 80 6a 68 0a 63 87 01 90 84 79 
80 79 61 30 09 64 70 80 7b 68 2e 62 87 01 45 87 
01 61 51 81 80 5c f1 fd fe 40 fc 10 40 fc 0f 40 
87 01 63 87 01 90 84 79 80 aa 61 30 09 41 fc 11 
f0 fe f4 80 a7 03 8a 70 80 b6 60 20 41 fc 11 f0 
fe f4 80 b6 03 8a 62 87 01 45 87 01 61 51 81 80 
c4 f1 fd fe 62 87 01 61 09 13 79 80 d0 70 80 92 
60 0a 41 fc 11 f0 fe f4 80 dc 03 8a 70 80 92 62 
87 02 61 09 53 fc 10 52 fc 0f 60 20 41 fc 11 f0 
fe f4 80 f6 03 8a f1 fd fa 62 87 02 61 09 53 fc 
10 52 fc 0f 62 87 06 61 30 49 fc 11 f0 fe f4 81 
13 03 8a f1 fd f8 40 87 05 62 87 02 61 09 42 87 
01 53 87 03 63 87 03 90 84 63 87 04 71 81 44 63 
87 03 60 09 49 87 03 62 87 01 07 79 81 47 41 87 
01 70 81 24 f1 fd f6 62 87 02 61 09 12 51 87 03 
42 87 01 63 87 03 90 84 63 87 04 71 81 44 62 87 
03 45 87 03 62 87 01 07 79 81 71 41 87 01 70 81 
53 61 09 62 87 02 12 61 03 12 11 61 09 51 87 03 
62 87 02 13 61 03 12 11 63 87 03 49 87 03 40 87 
01 63 87 03 90 84 63 87 04 71 81 44 62 87 03 45 
87 03 62 87 01 05 41 87 01 61 03 13 79 81 b2 70 
81 ba 62 87 03 61 06 49 87 03 62 87 01 61 09 81 
81 91 62 87 05 45 87 05 f1 fd f6 40 87 02 60 01 
41 87 06 63 87 02 90 84 79 81 de 70 82 44 62 87 
06 61 09 73 82 27 41 87 04 63 87 02 42 87 03 f0 
fd f6 81 f6 81 16 62 87 05 79 82 1e 63 87 02 62 
87 06 92 84 63 87 00 62 87 06 92 86 62 87 02 92 
85 46 87 00 f0 fd f8 82 1b 80 f9 70 82 44 62 87 
06 45 87 06 70 81 d3 63 87 00 28 42 87 00 90 86 
45 87 06 91 85 94 84 42 87 02 f0 fd fa 82 41 80 
df 70 81 d3 60 01 41 87 06 62 87 02 05 41 87 02 
61 51 74 81 d3 f1 fd fc 00 00 00 00 00 00 00 00 
00 00 00 00 00 00 00 00 00 00 00 00 00 00 00 00 
00 00 00 00 00 00 00 00 00 00 00 00 00 00 00 00 
00 00 00 00 00 00 00 00 00 00 00 00 00 00 00 00 
00 00 00 00 00 00 00 00 00 00 00 00 00 00 00 00 
00 00 00 00 00 00 00 00 00 00 00 00 00 00 00 00 
00 00 00 00 00 00 00 00 00 00 00 00 00 00 00 00 
00 00 00 00 00 00 00 00 00 00 00 00 00 00 00 00 
00 00 00 00 00 00 00 00 00 00 00 00 00 00 00 00 
00 00 00 00 00 00 00 00 00 00 00 00 00 00 00 00 
00 00 00 00 00 00 00 00 00 00 00 00 00 00 00 00 
30 37 30 32 35 30 34 30 30 38 30 30 30 30 30 39 
30 33 30 30 30 30 30 33 30 37 30 37 30 30 30 30 
34 30 32 30 31 30 30 30 30 30 30 30 37 30 34 30 
35 30 30 30 30 38 30 39 30 36 30 30 30 30 30 34 
30 31 30 30 30 30 30 35 30 30 37 30 38 32 30 33 
30 00 Z
> 
> r80


> 


> 

8000

Enter space separated hex digits, end with Z

40 fc 12 f0 fe fc 80 0a 03 58 21 60 03 92 08 92 
58 26 60 50 72 80 0b 60 03 61 08 42 83 28 60 03 
21 9a 83 28 61 4f 9a 83 28 63 83 28 46 83 28 60 
58 72 80 1e 60 30 41 fc 13 60 06 41 fc 10 40 fc 
0f 60 53 41 fc 11 f0 fe f4 80 4d 03 8a 60 0c 41 
fc 13 60 6e 41 fc 11 f0 fe f4 80 5e 03 8a 60 0f 
41 fc 13 60 61 41 fc 11 f0 fe f4 80 6f 03 8a 60 
3c 41 fc 13 60 6b 41 fc 11 f0 fe f4 80 80 03 8a 
60 33 41 fc 13 60 65 41 fc 11 f0 fe f4 80 91 03 
8a 40 fc 17 60 01 41 fc 16 41 fc 15 60 83 61 13 
41 fc 18 42 fc 19 f0 fe e8 80 ad 05 e0 40 83 38 
40 83 39 40 83 3a 60 2a 41 83 30 61 2a 60 0c 9a 
83 30 26 60 2f 72 80 bd 60 2a 41 83 2c 60 2a 41 
83 2d 60 2e 41 83 2a 60 2a 41 83 2b 40 83 33 60 
05 41 83 3d 62 83 3d 79 81 1f f0 fe e6 80 f1 06 
0b 62 fc 1a 61 50 33 60 08 49 83 2e 62 fc 1b 61 
50 33 42 83 2f 9d 83 2e 79 81 0e 70 80 e4 63 83 
2f 60 30 9a 83 2e 62 83 3d 47 83 3d 70 80 e4 78 
81 3c 66 61 73 71 81 5c 61 61 71 81 64 61 77 71 
81 6c 61 64 71 81 74 61 71 71 81 7a 62 83 3b 47 
83 3b 79 81 48 70 81 1f 62 83 3c 47 83 3c 79 81 
54 70 81 1f 60 28 41 83 3c 70 81 7d 60 01 41 83 
33 70 81 3c 60 02 41 83 33 70 81 3c 60 03 41 83 
33 70 81 3c 40 83 33 70 81 3c 70 82 74 40 83 31 
40 83 32 62 83 33 61 01 71 81 9d 61 02 71 81 a5 
61 03 71 81 ad 60 01 41 83 31 70 81 b2 60 01 41 
83 32 70 81 b2 60 ff 41 83 31 70 81 b2 60 ff 41 
83 32 62 83 2b 63 83 32 49 83 30 62 83 2a 63 83 
31 49 83 2f 63 83 2f 9d 83 30 79 81 e4 61 30 71 
81 d5 70 82 74 f0 fe 00 81 dc 82 ad 60 01 41 83 
3d 70 82 30 62 83 2d 41 83 35 63 83 2c 9d 83 35 
41 83 36 60 00 9a 83 35 62 83 36 61 0c 71 82 18 
61 3c 71 82 21 61 33 71 82 2a 61 0f 71 82 0f 62 
83 2d 47 83 2d 70 82 30 62 83 2c 45 83 2c 70 82 
30 62 83 2d 45 83 2d 70 82 30 62 83 2c 47 83 2c 
62 83 33 61 01 71 82 47 61 02 71 82 4c 61 03 71 
82 51 60 0c 70 82 53 60 3c 70 82 53 60 33 70 82 
53 60 0f 63 83 2a 9a 83 2b 63 83 2f 9a 83 30 62 
83 2f 41 83 2a 62 83 30 41 83 2b 62 83 3d 79 81 
1f 70 80 e4 60 05 41 fc 17 60 08 41 fc 16 60 0a 
41 fc 15 60 83 61 1d 41 fc 18 42 fc 19 f0 fe e8 
82 94 05 e0 78 82 94 66 61 0a 71 82 aa 61 0d 71 
82 aa 61 71 71 83 10 70 82 94 70 80 00 61 09 62 
83 38 45 83 38 72 82 d3 40 83 38 62 83 39 45 83 
39 72 82 d3 40 83 39 62 83 3a 45 83 3a 72 82 d3 
40 83 3a 40 fc 13 61 01 42 fc 15 61 07 42 fc 16 
62 83 3a 61 30 49 fc 14 f0 fe f0 82 ef 04 4a 62 
83 39 61 30 49 fc 14 f0 fe f0 82 fe 04 4a 62 83 
38 61 30 49 fc 14 f0 fe f0 83 0d 04 4a f1 fe 00 
70 00 ce 53 63 6f 72 65 20 30 30 30 00 47 61 6d 
65 20 4f 76 65 72 21 00 Z
> 
> r80


> 
> v0

8328: 30 00 00 0C 00 00 0C 00 00 00 00 00 00 0F 00 3C 
8338: 00 3C 00 00 00 33 00 00 00 33 00 00 00 00 00 00 
8348: 00 00 00 00 00 00 00 00 00 00 00 00 00 00 00 00 
8358: 00 00 00 00 00 00 00 00 00 00 00 00 00 00 00 00 
8368: 00 00 00 00 00 00 00 00 00 00 00 00 00 00 00 00 
8378: 00 00 00 00 00 00 00 00 00 00 00 00 00 00 00 00 
8388: 00 00 00 00 00 00 00 00 00 00 00 00 00 00 00 00 
8398: 00 00 00 00 00 00 00 00 00 80 08 00 0A 00 00 C8 
83A8: 30 00 00 B4 C1 10 00 A4 3A 00 00 44 40 00 82 1E 
83B8: 90 00 09 A4 04 01 00 73 E3 20 00 00 CF 00 04 68 
83C8: A5 00 00 61 04 00 00 04 68 04 00 AC 40 00 00 26 
83D8: 10 00 00 D0 10 00 00 04 04 00 00 C4 A2 00 80 E8 
83E8: 40 00 84 64 34 01 00 44 2C 04 00 77 41 08 00 06 
83F8: 31 00 00 3D 07 20 00 2C 00 00 00 00 00 00 00 00 
8308: 00 00 00 00 00 00 00 00 00 00 00 00 00 00 00 00 
8318: 00 00 00 00 00 00 00 00 00 00 00 00 00 00 30 30 
> 
> a


> a


> a


> v

8328: 30 00 00 0C 00 00 0C 00 00 00 00 00 00 0F 00 3C 
8338: 00 3C 00 00 00 33 00 00 00 33 00 00 00 00 00 00 
8348: 00 00 00 00 00 00 00 00 00 00 00 00 00 00 00 00 
8358: 00 00 00 00 00 00 00 00 00 00 00 00 00 00 00 00 
8368: 00 00 00 00 00 00 00 00 00 00 00 00 00 00 00 00 
8378: 00 00 00 00 00 00 00 00 00 00 00 00 00 00 00 00 
8388: 00 00 00 00 00 00 00 00 00 00 00 00 00 00 00 00 
8398: 00 00 00 00 00 00 00 00 00 80 08 00 0A 00 00 C8 
83A8: 30 00 00 B4 C1 10 00 A4 3A 00 00 44 40 00 82 1E 
83B8: 90 00 09 A4 04 01 00 73 E3 20 00 00 CF 00 04 68 
83C8: A5 00 00 61 04 00 00 04 68 04 00 AC 40 00 00 26 
83D8: 10 00 00 D0 10 00 00 04 04 00 00 C4 A2 00 80 E8 
83E8: 40 00 84 64 34 01 00 44 2C 04 00 77 41 08 00 06 
83F8: 31 00 00 3D 07 20 00 2C 00 00 00 00 00 00 00 00 
8308: 00 00 00 00 00 00 00 00 00 00 00 00 00 00 00 00 
8318: 00 00 00 00 00 00 00 00 00 00 00 00 00 00 30 30 
> v

8328: 30 00 00 0C 00 00 0C 00 00 00 00 00 00 0F 00 3C 
8338: 00 3C 00 00 00 33 00 00 00 33 00 00 00 00 00 00 
8348: 00 00 00 00 00 00 00 00 00 00 00 00 00 00 00 00 
8358: 00 00 00 00 00 00 00 00 00 00 00 00 00 00 00 00 
8368: 00 00 00 00 00 00 00 00 00 00 00 00 00 00 00 00 
8378: 00 00 00 00 00 00 00 00 00 00 00 00 00 00 00 00 
8388: 00 00 00 00 00 00 00 00 00 00 00 00 00 00 00 00 
8398: 00 00 00 00 00 00 00 00 00 80 08 00 0A 00 00 C8 
83A8: 30 00 00 B4 C1 10 00 A4 3A 00 00 44 40 00 82 1E 
83B8: 90 00 09 A4 04 01 00 73 E3 20 00 00 CF 00 04 68 
83C8: A5 00 00 61 04 00 00 04 68 04 00 AC 40 00 00 26 
83D8: 10 00 00 D0 10 00 00 04 04 00 00 C4 A2 00 80 E8 
83E8: 40 00 84 64 34 01 00 44 2C 04 00 77 41 08 00 06 
83F8: 31 00 00 3D 07 20 00 2C 00 00 00 00 00 00 00 00 
8308: 00 00 00 00 00 00 00 00 00 00 00 00 00 00 00 00 
8318: 00 00 00 00 00 00 00 00 00 00 00 00 00 00 30 30 
> v

8328: 30 00 00 0C 00 00 0C 00 00 00 00 00 00 0F 00 3C 
8338: 00 3C 00 00 00 33 00 00 00 33 00 00 00 00 00 00 
8348: 00 00 00 00 00 00 00 00 00 00 00 00 00 00 00 00 
8358: 00 00 00 00 00 00 00 00 00 00 00 00 00 00 00 00 
8368: 00 00 00 00 00 00 00 00 00 00 00 00 00 00 00 00 
8378: 00 00 00 00 00 00 00 00 00 00 00 00 00 00 00 00 
8388: 00 00 00 00 00 00 00 00 00 00 00 00 00 00 00 00 
8398: 00 00 00 00 00 00 00 00 00 80 08 00 0A 00 00 C8 
83A8: 30 00 00 B4 C1 10 00 A4 3A 00 00 44 40 00 82 1E 
83B8: 90 00 09 A4 04 01 00 73 E3 20 00 00 CF 00 04 68 
83C8: A5 00 00 61 04 00 00 04 68 04 00 AC 40 00 00 26 
83D8: 10 00 00 D0 10 00 00 04 04 00 00 C4 A2 00 80 E8 
83E8: 40 00 84 64 34 01 00 44 2C 04 00 77 41 08 00 06 
83F8: 31 00 00 3D 07 20 00 2C 00 00 00 00 00 00 00 00 
8308: 00 00 00 00 00 00 00 00 00 00 00 00 00 00 00 00 
8318: 00 00 00 00 00 00 00 00 00 00 00 00 00 00 30 30 
> v

8328: 30 00 00 0C 00 00 0C 00 00 00 00 00 00 0F 00 3C 
8338: 00 3C 00 00 00 33 00 00 00 33 00 00 00 00 00 00 
8348: 00 00 00 00 00 00 00 00 00 00 00 00 00 00 00 00 
8358: 00 00 00 00 00 00 00 00 00 00 00 00 00 00 00 00 
8368: 00 00 00 00 00 00 00 00 00 00 00 00 00 00 00 00 
8378: 00 00 00 00 00 00 00 00 00 00 00 00 00 00 00 00 
8388: 00 00 00 00 00 00 00 00 00 00 00 00 00 00 00 00 
8398: 00 00 00 00 00 00 00 00 00 80 08 00 0A 00 00 C8 
83A8: 30 00 00 B4 C1 10 00 A4 3A 00 00 44 40 00 82 1E 
83B8: 90 00 09 A4 04 01 00 73 E3 20 00 00 CF 00 04 68 
83C8: A5 00 00 61 04 00 00 04 68 04 00 AC 40 00 00 26 
83D8: 10 00 00 D0 10 00 00 04 04 00 00 C4 A2 00 80 E8 
83E8: 40 00 84 64 34 01 00 44 2C 04 00 77 41 08 00 06 
83F8: 31 00 00 3D 07 20 00 2C 00 00 00 00 00 00 00 00 
8308: 00 00 00 00 00 00 00 00 00 00 00 00 00 00 00 00 
8318: 00 00 00 00 00 00 00 00 00 00 00 00 00 00 30 30 
> v

8328: 30 00 00 0C 00 00 0C 00 00 00 00 00 00 0F 00 3C 
8338: 00 3C 00 00 00 33 00 00 00 33 00 00 00 00 00 00 
8348: 00 00 00 00 00 00 00 00 00 00 00 00 00 00 00 00 
8358: 00 00 00 00 00 00 00 00 00 00 00 00 00 00 00 00 
8368: 00 00 00 00 00 00 00 00 00 00 00 00 00 00 00 00 
8378: 00 00 00 00 00 00 00 00 00 00 00 00 00 00 00 00 
8388: 00 00 00 00 00 00 00 00 00 00 00 00 00 00 00 00 
8398: 00 00 00 00 00 00 00 00 00 80 08 00 0A 00 00 C8 
83A8: 30 00 00 B4 C1 10 00 A4 3A 00 00 44 40 00 82 1E 
83B8: 90 00 09 A4 04 01 00 73 E3 20 00 00 CF 00 04 68 
83C8: A5 00 00 61 04 00 00 04 68 04 00 AC 40 00 00 26 
83D8: 10 00 00 D0 10 00 00 04 04 00 00 C4 A2 00 80 E8 
83E8: 40 00 84 64 34 01 00 44 2C 04 00 77 41 08 00 06 
83F8: 31 00 00 3D 07 20 00 2C 00 00 00 00 00 00 00 00 
8308: 00 00 00 00 00 00 00 00 00 00 00 00 00 00 00 00 
8318: 00 00 00 00 00 00 00 00 00 00 00 00 00 00 30 30 
> v

8328: 30 00 00 0C 00 00 0C 00 00 00 00 00 00 0F 00 3C 
8338: 00 3C 00 00 00 33 00 00 00 33 00 00 00 00 00 00 
8348: 00 00 00 00 00 00 00 00 00 00 00 00 00 00 00 00 
8358: 00 00 00 00 00 00 00 00 00 00 00 00 00 00 00 00 
8368: 00 00 00 00 00 00 00 00 00 00 00 00 00 00 00 00 
8378: 00 00 00 00 00 00 00 00 00 00 00 00 00 00 00 00 
8388: 00 00 00 00 00 00 00 00 00 00 00 00 00 00 00 00 
8398: 00 00 00 00 00 00 00 00 00 80 08 00 0A 00 00 C8 
83A8: 30 00 00 B4 C1 10 00 A4 3A 00 00 44 40 00 82 1E 
83B8: 90 00 09 A4 04 01 00 73 E3 20 00 00 CF 00 04 68 
83C8: A5 00 00 61 04 00 00 04 68 04 00 AC 40 00 00 26 
83D8: 10 00 00 D0 10 00 00 04 04 00 00 C4 A2 00 80 E8 
83E8: 40 00 84 64 34 01 00 44 2C 04 00 77 41 08 00 06 
83F8: 31 00 00 3D 07 20 00 2C 00 00 00 00 00 00 00 00 
8308: 00 00 00 00 00 00 00 00 00 00 00 00 00 00 00 00 
8318: 00 00 00 00 00 00 00 00 00 00 00 00 00 00 30 30 
> v

8328: 30 00 00 0C 00 00 0C 00 00 00 00 00 00 0F 00 3C 
8338: 00 3C 00 00 00 33 00 00 00 33 00 00 00 00 00 00 
8348: 00 00 00 00 00 00 00 00 00 00 00 00 00 00 00 00 
8358: 00 00 00 00 00 00 00 00 00 00 00 00 00 00 00 00 
8368: 00 00 00 00 00 00 00 00 00 00 00 00 00 00 00 00 
8378: 00 00 00 00 00 00 00 00 00 00 00 00 00 00 00 00 
8388: 00 00 00 00 00 00 00 00 00 00 00 00 00 00 00 00 
8398: 00 00 00 00 00 00 00 00 00 80 08 00 0A 00 00 C8 
83A8: 30 00 00 B4 C1 10 00 A4 3A 00 00 44 40 00 82 1E 
83B8: 90 00 09 A4 04 01 00 73 E3 20 00 00 CF 00 04 68 
83C8: A5 00 00 61 04 00 00 04 68 04 00 AC 40 00 00 26 
83D8: 10 00 00 D0 10 00 00 04 04 00 00 C4 A2 00 80 E8 
83E8: 40 00 84 64 34 01 00 44 2C 04 00 77 41 08 00 06 
83F8: 31 00 00 3D 07 20 00 2C 00 00 00 00 00 00 00 00 
8308: 00 00 00 00 00 00 00 00 00 00 00 00 00 00 00 00 
8318: 00 00 00 00 00 00 00 00 00 00 00 00 00 00 30 30 
> v

8328: 30 00 00 0C 00 00 0C 00 00 00 00 00 00 0F 00 3C 
8338: 00 3C 00 00 00 33 00 00 00 33 00 00 00 00 00 00 
8348: 00 00 00 00 00 00 00 00 00 00 00 00 00 00 00 00 
8358: 00 00 00 00 00 00 00 00 00 00 00 00 00 00 00 00 
8368: 00 00 00 00 00 00 00 00 00 00 00 00 00 00 00 00 
8378: 00 00 00 00 00 00 00 00 00 00 00 00 00 00 00 00 
8388: 00 00 00 00 00 00 00 00 00 00 00 00 00 00 00 00 
8398: 00 00 00 00 00 00 00 00 00 80 08 00 0A 00 00 C8 
83A8: 30 00 00 B4 C1 10 00 A4 3A 00 00 44 40 00 82 1E 
83B8: 90 00 09 A4 04 01 00 73 E3 20 00 00 CF 00 04 68 
83C8: A5 00 00 61 04 00 00 04 68 04 00 AC 40 00 00 26 
83D8: 10 00 00 D0 10 00 00 04 04 00 00 C4 A2 00 80 E8 
83E8: 40 00 84 64 34 01 00 44 2C 04 00 77 41 08 00 06 
83F8: 31 00 00 3D 07 20 00 2C 00 00 00 00 00 00 00 00 
8308: 00 00 00 00 00 00 00 00 00 00 00 00 00 00 00 00 
8318: 00 00 00 00 00 00 00 00 00 00 00 00 00 00 30 30 
> v

8328: 30 00 00 0C 00 00 0C 00 00 00 00 00 00 0F 00 3C 
8338: 00 3C 00 00 00 33 00 00 00 33 00 00 00 00 00 00 
8348: 00 00 00 00 00 00 00 00 00 00 00 00 00 00 00 00 
8358: 00 00 00 00 00 00 00 00 00 00 00 00 00 00 00 00 
8368: 00 00 00 00 00 00 00 00 00 00 00 00 00 00 00 00 
8378: 00 00 00 00 00 00 00 00 00 00 00 00 00 00 00 00 
8388: 00 00 00 00 00 00 00 00 00 00 00 00 00 00 00 00 
8398: 00 00 00 00 00 00 00 00 00 80 08 00 0A 00 00 C8 
83A8: 30 00 00 B4 C1 10 00 A4 3A 00 00 44 40 00 82 1E 
83B8: 90 00 09 A4 04 01 00 73 E3 20 00 00 CF 00 04 68 
83C8: A5 00 00 61 04 00 00 04 68 04 00 AC 40 00 00 26 
83D8: 10 00 00 D0 10 00 00 04 04 00 00 C4 A2 00 80 E8 
83E8: 40 00 84 64 34 01 00 44 2C 04 00 77 41 08 00 06 
83F8: 31 00 00 3D 07 20 00 2C 00 00 00 00 00 00 00 00 
8308: 00 00 00 00 00 00 00 00 00 00 00 00 00 00 00 00 
8318: 00 00 00 00 00 00 00 00 00 00 00 00 00 00 30 30 
> v

8328: 30 00 00 0C 00 00 0C 00 00 00 00 00 00 0F 00 3C 
8338: 00 3C 00 00 00 33 00 00 00 33 00 00 00 00 00 00 
8348: 00 00 00 00 00 00 00 00 00 00 00 00 00 00 00 00 
8358: 00 00 00 00 00 00 00 00 00 00 00 00 00 00 00 00 
8368: 00 00 00 00 00 00 00 00 00 00 00 00 00 00 00 00 
8378: 00 00 00 00 00 00 00 00 00 00 00 00 00 00 00 00 
8388: 00 00 00 00 00 00 00 00 00 00 00 00 00 00 00 00 
8398: 00 00 00 00 00 00 00 00 00 80 08 00 0A 00 00 C8 
83A8: 30 00 00 B4 C1 10 00 A4 3A 00 00 44 40 00 82 1E 
83B8: 90 00 09 A4 04 01 00 73 E3 20 00 00 CF 00 04 68 
83C8: A5 00 00 61 04 00 00 04 68 04 00 AC 40 00 00 26 
83D8: 10 00 00 D0 10 00 00 04 04 00 00 C4 A2 00 80 E8 
83E8: 40 00 84 64 34 01 00 44 2C 04 00 77 41 08 00 06 
83F8: 31 00 00 3D 07 20 00 2C 00 00 00 00 00 00 00 00 
8308: 00 00 00 00 00 00 00 00 00 00 00 00 00 00 00 00 
8318: 00 00 00 00 00 00 00 00 00 00 00 00 00 00 30 30 
> v

8328: 30 00 00 0C 00 00 0C 00 00 00 00 00 00 0F 00 3C 
8338: 00 3C 00 00 00 33 00 00 00 33 00 00 00 00 00 00 
8348: 00 00 00 00 00 00 00 00 00 00 00 00 00 00 00 00 
8358: 00 00 00 00 00 00 00 00 00 00 00 00 00 00 00 00 
8368: 00 00 00 00 00 00 00 00 00 00 00 00 00 00 00 00 
8378: 00 00 00 00 00 00 00 00 00 00 00 00 00 00 00 00 
8388: 00 00 00 00 00 00 00 00 00 00 00 00 00 00 00 00 
8398: 00 00 00 00 00 00 00 00 00 80 08 00 0A 00 00 C8 
83A8: 30 00 00 B4 C1 10 00 A4 3A 00 00 44 40 00 82 1E 
83B8: 90 00 09 A4 04 01 00 73 E3 20 00 00 CF 00 04 68 
83C8: A5 00 00 61 04 00 00 04 68 04 00 AC 40 00 00 26 
83D8: 10 00 00 D0 10 00 00 04 04 00 00 C4 A2 00 80 E8 
83E8: 40 00 84 64 34 01 00 44 2C 04 00 77 41 08 00 06 
83F8: 31 00 00 3D 07 20 00 2C 00 00 00 00 00 00 00 00 
8308: 00 00 00 00 00 00 00 00 00 00 00 00 00 00 00 00 
8318: 00 00 00 00 00 00 00 00 00 00 00 00 00 00 30 30 
> v

8328: 30 00 00 0C 00 00 0C 00 00 00 00 00 00 0F 00 3C 
8338: 00 3C 00 00 00 33 00 00 00 33 00 00 00 00 00 00 
8348: 00 00 00 00 00 00 00 00 00 00 00 00 00 00 00 00 
8358: 00 00 00 00 00 00 00 00 00 00 00 00 00 00 00 00 
8368: 00 00 00 00 00 00 00 00 00 00 00 00 00 00 00 00 
8378: 00 00 00 00 00 00 00 00 00 00 00 00 00 00 00 00 
8388: 00 00 00 00 00 00 00 00 00 00 00 00 00 00 00 00 
8398: 00 00 00 00 00 00 00 00 00 80 08 00 0A 00 00 C8 
83A8: 30 00 00 B4 C1 10 00 A4 3A 00 00 44 40 00 82 1E 
83B8: 90 00 09 A4 04 01 00 73 E3 20 00 00 CF 00 04 68 
83C8: A5 00 00 61 04 00 00 04 68 04 00 AC 40 00 00 26 
83D8: 10 00 00 D0 10 00 00 04 04 00 00 C4 A2 00 80 E8 
83E8: 40 00 84 64 34 01 00 44 2C 04 00 77 41 08 00 06 
83F8: 31 00 00 3D 07 20 00 2C 00 00 00 00 00 00 00 00 
8308: 00 00 00 00 00 00 00 00 00 00 00 00 00 00 00 00 
8318: 00 00 00 00 00 00 00 00 00 00 00 00 00 00 30 30 
> v

8328: 30 00 00 0C 00 00 0C 00 00 00 00 00 00 0F 00 3C 
8338: 00 3C 00 00 00 33 00 00 00 33 00 00 00 00 00 00 
8348: 00 00 00 00 00 00 00 00 00 00 00 00 00 00 00 00 
8358: 00 00 00 00 00 00 00 00 00 00 00 00 00 00 00 00 
8368: 00 00 00 00 00 00 00 00 00 00 00 00 00 00 00 00 
8378: 00 00 00 00 00 00 00 00 00 00 00 00 00 00 00 00 
8388: 00 00 00 00 00 00 00 00 00 00 00 00 00 00 00 00 
8398: 00 00 00 00 00 00 00 00 00 80 08 00 0A 00 00 C8 
83A8: 30 00 00 B4 C1 10 00 A4 3A 00 00 44 40 00 82 1E 
83B8: 90 00 09 A4 04 01 00 73 E3 20 00 00 CF 00 04 68 
83C8: A5 00 00 61 04 00 00 04 68 04 00 AC 40 00 00 26 
83D8: 10 00 00 D0 10 00 00 04 04 00 00 C4 A2 00 80 E8 
83E8: 40 00 84 64 34 01 00 44 2C 04 00 77 41 08 00 06 
83F8: 31 00 00 3D 07 20 00 2C 00 00 00 00 00 00 00 00 
8308: 00 00 00 00 00 00 00 00 00 00 00 00 00 00 00 00 
8318: 00 00 00 00 00 00 00 00 00 00 00 00 00 00 30 30 
> v

8328: 30 00 00 0C 00 00 0C 00 00 00 00 00 00 0F 00 3C 
8338: 00 3C 00 00 00 33 00 00 00 33 00 00 00 00 00 00 
8348: 00 00 00 00 00 00 00 00 00 00 00 00 00 00 00 00 
8358: 00 00 00 00 00 00 00 00 00 00 00 00 00 00 00 00 
8368: 00 00 00 00 00 00 00 00 00 00 00 00 00 00 00 00 
8378: 00 00 00 00 00 00 00 00 00 00 00 00 00 00 00 00 
8388: 00 00 00 00 00 00 00 00 00 00 00 00 00 00 00 00 
8398: 00 00 00 00 00 00 00 00 00 80 08 00 0A 00 00 C8 
83A8: 30 00 00 B4 C1 10 00 A4 3A 00 00 44 40 00 82 1E 
83B8: 90 00 09 A4 04 01 00 73 E3 20 00 00 CF 00 04 68 
83C8: A5 00 00 61 04 00 00 04 68 04 00 AC 40 00 00 26 
83D8: 10 00 00 D0 10 00 00 04 04 00 00 C4 A2 00 80 E8 
83E8: 40 00 84 64 34 01 00 44 2C 04 00 77 41 08 00 06 
83F8: 31 00 00 3D 07 20 00 2C 00 00 00 00 00 00 00 00 
8308: 00 00 00 00 00 00 00 00 00 00 00 00 00 00 00 00 
8318: 00 00 00 00 00 00 00 00 00 00 00 00 00 00 30 30 
> v

8328: 30 00 00 0C 00 00 0C 00 00 00 00 00 00 0F 00 3C 
8338: 00 3C 00 00 00 33 00 00 00 33 00 00 00 00 00 00 
8348: 00 00 00 00 00 00 00 00 00 00 00 00 00 00 00 00 
8358: 00 00 00 00 00 00 00 00 00 00 00 00 00 00 00 00 
8368: 00 00 00 00 00 00 00 00 00 00 00 00 00 00 00 00 
8378: 00 00 00 00 00 00 00 00 00 00 00 00 00 00 00 00 
8388: 00 00 00 00 00 00 00 00 00 00 00 00 00 00 00 00 
8398: 00 00 00 00 00 00 00 00 00 80 08 00 0A 00 00 C8 
83A8: 30 00 00 B4 C1 10 00 A4 3A 00 00 44 40 00 82 1E 
83B8: 90 00 09 A4 04 01 00 73 E3 20 00 00 CF 00 04 68 
83C8: A5 00 00 61 04 00 00 04 68 04 00 AC 40 00 00 26 
83D8: 10 00 00 D0 10 00 00 04 04 00 00 C4 A2 00 80 E8 
83E8: 40 00 84 64 34 01 00 44 2C 04 00 77 41 08 00 06 
83F8: 31 00 00 3D 07 20 00 2C 00 00 00 00 00 00 00 00 
8308: 00 00 00 00 00 00 00 00 00 00 00 00 00 00 00 00 
8318: 00 00 00 00 00 00 00 00 00 00 00 00 00 00 30 30 
> v

8328: 30 00 00 0C 00 00 0C 00 00 00 00 00 00 0F 00 3C 
8338: 00 3C 00 00 00 33 00 00 00 33 00 00 00 00 00 00 
8348: 00 00 00 00 00 00 00 00 00 00 00 00 00 00 00 00 
8358: 00 00 00 00 00 00 00 00 00 00 00 00 00 00 00 00 
8368: 00 00 00 00 00 00 00 00 00 00 00 00 00 00 00 00 
8378: 00 00 00 00 00 00 00 00 00 00 00 00 00 00 00 00 
8388: 00 00 00 00 00 00 00 00 00 00 00 00 00 00 00 00 
8398: 00 00 00 00 00 00 00 00 00 80 08 00 0A 00 00 C8 
83A8: 30 00 00 B4 C1 10 00 A4 3A 00 00 44 40 00 82 1E 
83B8: 90 00 09 A4 04 01 00 73 E3 20 00 00 CF 00 04 68 
83C8: A5 00 00 61 04 00 00 04 68 04 00 AC 40 00 00 26 
83D8: 10 00 00 D0 10 00 00 04 04 00 00 C4 A2 00 80 E8 
83E8: 40 00 84 64 34 01 00 44 2C 04 00 77 41 08 00 06 
83F8: 31 00 00 3D 07 20 00 2C 00 00 00 00 00 00 00 00 
8308: 00 00 00 00 00 00 00 00 00 00 00 00 00 00 00 00 
8318: 00 00 00 00 00 00 00 00 00 00 00 00 00 00 30 30 
> v

8328: 30 00 00 0C 00 00 0C 00 00 00 00 00 00 0F 00 3C 
8338: 00 3C 00 00 00 33 00 00 00 33 00 00 00 00 00 00 
8348: 00 00 00 00 00 00 00 00 00 00 00 00 00 00 00 00 
8358: 00 00 00 00 00 00 00 00 00 00 00 00 00 00 00 00 
8368: 00 00 00 00 00 00 00 00 00 00 00 00 00 00 00 00 
8378: 00 00 00 00 00 00 00 00 00 00 00 00 00 00 00 00 
8388: 00 00 00 00 00 00 00 00 00 00 00 00 00 00 00 00 
8398: 00 00 00 00 00 00 00 00 00 80 08 00 0A 00 00 C8 
83A8: 30 00 00 B4 C1 10 00 A4 3A 00 00 44 40 00 82 1E 
83B8: 90 00 09 A4 04 01 00 73 E3 20 00 00 CF 00 04 68 
83C8: A5 00 00 61 04 00 00 04 68 04 00 AC 40 00 00 26 
83D8: 10 00 00 D0 10 00 00 04 04 00 00 C4 A2 00 80 E8 
83E8: 40 00 84 64 34 01 00 44 2C 04 00 77 41 08 00 06 
83F8: 31 00 00 3D 07 20 00 2C 00 00 00 00 00 00 00 00 
8308: 00 00 00 00 00 00 00 00 00 00 00 00 00 00 00 00 
8318: 00 00 00 00 00 00 00 00 00 00 00 00 00 00 30 30 
> v0

8328: 30 00 00 0C 00 00 0C 00 00 00 00 00 00 0F 00 3C 
8338: 00 3C 00 00 00 33 00 00 00 33 00 00 00 00 00 00 
8348: 00 00 00 00 00 00 00 00 00 00 00 00 00 00 00 00 
8358: 00 00 00 00 00 00 00 00 00 00 00 00 00 00 00 00 
8368: 00 00 00 00 00 00 00 00 00 00 00 00 00 00 00 00 
8378: 00 00 00 00 00 00 00 00 00 00 00 00 00 00 00 00 
8388: 00 00 00 00 00 00 00 00 00 00 00 00 00 00 00 00 
8398: 00 00 00 00 00 00 00 00 00 80 08 00 0A 00 00 C8 
83A8: 30 00 00 B4 C1 10 00 A4 3A 00 00 44 40 00 82 1E 
83B8: 90 00 09 A4 04 01 00 73 E3 20 00 00 CF 00 04 68 
83C8: A5 00 00 61 04 00 00 04 68 04 00 AC 40 00 00 26 
83D8: 10 00 00 D0 10 00 00 04 04 00 00 C4 A2 00 80 E8 
83E8: 40 00 84 64 34 01 00 44 2C 04 00 77 41 08 00 06 
83F8: 31 00 00 3D 07 20 00 2C 00 00 00 00 00 00 00 00 
8308: 00 00 00 00 00 00 00 00 00 00 00 00 00 00 00 00 
8318: 00 00 00 00 00 00 00 00 00 00 00 00 00 00 30 30 
> v

8328: 30 00 00 0C 00 00 0C 00 00 00 00 00 00 0F 00 3C 
8338: 00 3C 00 00 00 33 00 00 00 33 00 00 00 00 00 00 
8348: 00 00 00 00 00 00 00 00 00 00 00 00 00 00 00 00 
8358: 00 00 00 00 00 00 00 00 00 00 00 00 00 00 00 00 
8368: 00 00 00 00 00 00 00 00 00 00 00 00 00 00 00 00 
8378: 00 00 00 00 00 00 00 00 00 00 00 00 00 00 00 00 
8388: 00 00 00 00 00 00 00 00 00 00 00 00 00 00 00 00 
8398: 00 00 00 00 00 00 00 00 00 80 08 00 0A 00 00 C8 
83A8: 30 00 00 B4 C1 10 00 A4 3A 00 00 44 40 00 82 1E 
83B8: 90 00 09 A4 04 01 00 73 E3 20 00 00 CF 00 04 68 
83C8: A5 00 00 61 04 00 00 04 68 04 00 AC 40 00 00 26 
83D8: 10 00 00 D0 10 00 00 04 04 00 00 C4 A2 00 80 E8 
83E8: 40 00 84 64 34 01 00 44 2C 04 00 77 41 08 00 06 
83F8: 31 00 00 3D 07 20 00 2C 00 00 00 00 00 00 00 00 
8308: 00 00 00 00 00 00 00 00 00 00 00 00 00 00 00 00 
8318: 00 00 00 00 00 00 00 00 00 00 00 00 00 00 30 30 
> v

8328: 30 00 00 0C 00 00 0C 00 00 00 00 00 00 0F 00 3C 
8338: 00 3C 00 00 00 33 00 00 00 33 00 00 00 00 00 00 
8348: 00 00 00 00 00 00 00 00 00 00 00 00 00 00 00 00 
8358: 00 00 00 00 00 00 00 00 00 00 00 00 00 00 00 00 
8368: 00 00 00 00 00 00 00 00 00 00 00 00 00 00 00 00 
8378: 00 00 00 00 00 00 00 00 00 00 00 00 00 00 00 00 
8388: 00 00 00 00 00 00 00 00 00 00 00 00 00 00 00 00 
8398: 00 00 00 00 00 00 00 00 00 80 08 00 0A 00 00 C8 
83A8: 30 00 00 B4 C1 10 00 A4 3A 00 00 44 40 00 82 1E 
83B8: 90 00 09 A4 04 01 00 73 E3 20 00 00 CF 00 04 68 
83C8: A5 00 00 61 04 00 00 04 68 04 00 AC 40 00 00 26 
83D8: 10 00 00 D0 10 00 00 04 04 00 00 C4 A2 00 80 E8 
83E8: 40 00 84 64 34 01 00 44 2C 04 00 77 41 08 00 06 
83F8: 31 00 00 3D 07 20 00 2C 00 00 00 00 00 00 00 00 
8308: 00 00 00 00 00 00 00 00 00 00 00 00 00 00 00 00 
8318: 00 00 00 00 00 00 00 00 00 00 00 00 00 00 30 30 
> v

8328: 30 00 00 0C 00 00 0C 00 00 00 00 00 00 0F 00 3C 
8338: 00 3C 00 00 00 33 00 00 00 33 00 00 00 00 00 00 
8348: 00 00 00 00 00 00 00 00 00 00 00 00 00 00 00 00 
8358: 00 00 00 00 00 00 00 00 00 00 00 00 00 00 00 00 
8368: 00 00 00 00 00 00 00 00 00 00 00 00 00 00 00 00 
8378: 00 00 00 00 00 00 00 00 00 00 00 00 00 00 00 00 
8388: 00 00 00 00 00 00 00 00 00 00 00 00 00 00 00 00 
8398: 00 00 00 00 00 00 00 00 00 80 08 00 0A 00 00 C8 
83A8: 30 00 00 B4 C1 10 00 A4 3A 00 00 44 40 00 82 1E 
83B8: 90 00 09 A4 04 01 00 73 E3 20 00 00 CF 00 04 68 
83C8: A5 00 00 61 04 00 00 04 68 04 00 AC 40 00 00 26 
83D8: 10 00 00 D0 10 00 00 04 04 00 00 C4 A2 00 80 E8 
83E8: 40 00 84 64 34 01 00 44 2C 04 00 77 41 08 00 06 
83F8: 31 00 00 3D 07 20 00 2C 00 00 00 00 00 00 00 00 
8308: 00 00 00 00 00 00 00 00 00 00 00 00 00 00 00 00 
8318: 00 00 00 00 00 00 00 00 00 00 00 00 00 00 30 30 
> v0

8328: 30 00 00 0C 00 00 0C 00 00 00 00 00 00 0F 00 3C 
8338: 00 3C 00 00 00 33 00 00 00 33 00 00 00 00 00 00 
8348: 00 00 00 00 00 00 00 00 00 00 00 00 00 00 00 00 
8358: 00 00 00 00 00 00 00 00 00 00 00 00 00 00 00 00 
8368: 00 00 00 00 00 00 00 00 00 00 00 00 00 00 00 00 
8378: 00 00 00 00 00 00 00 00 00 00 00 00 00 00 00 00 
8388: 00 00 00 00 00 00 00 00 00 00 00 00 00 00 00 00 
8398: 00 00 00 00 00 00 00 00 00 80 08 00 0A 00 00 C8 
83A8: 30 00 00 B4 C1 10 00 A4 3A 00 00 44 40 00 82 1E 
83B8: 90 00 09 A4 04 01 00 73 E3 20 00 00 CF 00 04 68 
83C8: A5 00 00 61 04 00 00 04 68 04 00 AC 40 00 00 26 
83D8: 10 00 00 D0 10 00 00 04 04 00 00 C4 A2 00 80 E8 
83E8: 40 00 84 64 34 01 00 44 2C 04 00 77 41 08 00 06 
83F8: 31 00 00 3D 07 20 00 2C 00 00 00 00 00 00 00 00 
8308: 00 00 00 00 00 00 00 00 00 00 00 00 00 00 00 00 
8318: 00 00 00 00 00 00 00 00 00 00 00 00 00 00 30 30 
> d

8328: 59 30 4E 2A 4A 2A 48 4F 2A 01 00 00 30 2A 0C 39 
8338: 00 00 00 FF 28 00 30 34 30 31 30 30 30 30 30 35 
8348: 30 30 37 30 38 32 30 33 30 00 A9 D7 FB DE F1 CC 
8358: 9F 37 76 BE 60 FE A5 AE 01 48 14 42 84 9C 18 80 
8368: 00 04 11 BA 00 83 08 00 10 F2 2F 3F EC BF 34 BF 
8378: 2D 3F A2 E3 5B EB 18 78 01 2E 46 20 04 80 05 02 
8388: 03 04 02 08 28 03 00 00 B2 B2 2F AF 7A AD F3 3B 
8398: 95 A7 CB EB 26 59 7E 23 02 28 00 50 31 6F 01 00 
83A8: 8C 00 40 04 05 03 10 00 38 59 E9 3F 83 3E FF F8 
83B8: DF 48 3F 3D 81 E6 3E AA 08 08 44 00 84 66 02 A3 
83C8: 68 29 18 00 81 72 20 30 A2 D8 39 EF 6F AB 37 E0 
83D8: 78 ED B0 FD 76 63 1D EA 80 C0 0C 01 34 83 0C 8E 
83E8: 18 40 01 4A 20 08 81 42 E2 B8 F1 31 0C C3 9D 6F 
83F8: F5 6E 39 38 74 F7 F6 E9 38 61 30 49 FC 14 F0 FE 
8308: F0 83 0D 04 4A F1 FE 00 70 00 CE 53 63 6F 72 65 
8318: 20 30 30 30 00 47 61 6D 65 20 4F 76 65 72 21 00 
> d0

8328: 59 30 4E 2A 4A 2A 48 4F 2A 01 00 00 30 2A 0C 39 
8338: 00 00 00 FF 28 00 30 34 30 31 30 30 30 30 30 35 
8348: 30 30 37 30 38 32 30 33 30 00 A9 D7 FB DE F1 CC 
8358: 9F 37 76 BE 60 FE A5 AE 01 48 14 42 84 9C 18 80 
8368: 00 04 11 BA 00 83 08 00 10 F2 2F 3F EC BF 34 BF 
8378: 2D 3F A2 E3 5B EB 18 78 01 2E 46 20 04 80 05 02 
8388: 03 04 02 08 28 03 00 00 B2 B2 2F AF 7A AD F3 3B 
8398: 95 A7 CB EB 26 59 7E 23 02 28 00 50 31 6F 01 00 
83A8: 8C 00 40 04 05 03 10 00 38 59 E9 3F 83 3E FF F8 
83B8: DF 48 3F 3D 81 E6 3E AA 08 08 44 00 84 66 02 A3 
83C8: 68 29 18 00 81 72 20 30 A2 D8 39 EF 6F AB 37 E0 
83D8: 78 ED B0 FD 76 63 1D EA 80 C0 0C 01 34 83 0C 8E 
83E8: 18 40 01 4A 20 08 81 42 E2 B8 F1 31 0C C3 9D 6F 
83F8: F5 6E 39 38 74 F7 F6 E9 38 61 30 49 FC 14 F0 FE 
8308: F0 83 0D 04 4A F1 FE 00 70 00 CE 53 63 6F 72 65 
8318: 20 30 30 30 00 47 61 6D 65 20 4F 76 65 72 21 00 
> d

8328: 59 30 4E 2A 4A 2A 48 4F 2A 01 00 00 30 2A 0C 39 
8338: 00 00 00 FF 28 00 30 34 30 31 30 30 30 30 30 35 
8348: 30 30 37 30 38 32 30 33 30 00 A9 D7 FB DE F1 CC 
8358: 9F 37 76 BE 60 FE A5 AE 01 48 14 42 84 9C 18 80 
8368: 00 04 11 BA 00 83 08 00 10 F2 2F 3F EC BF 34 BF 
8378: 2D 3F A2 E3 5B EB 18 78 01 2E 46 20 04 80 05 02 
8388: 03 04 02 08 28 03 00 00 B2 B2 2F AF 7A AD F3 3B 
8398: 95 A7 CB EB 26 59 7E 23 02 28 00 50 31 6F 01 00 
83A8: 8C 00 40 04 05 03 10 00 38 59 E9 3F 83 3E FF F8 
83B8: DF 48 3F 3D 81 E6 3E AA 08 08 44 00 84 66 02 A3 
83C8: 68 29 18 00 81 72 20 30 A2 D8 39 EF 6F AB 37 E0 
83D8: 78 ED B0 FD 76 63 1D EA 80 C0 0C 01 34 83 0C 8E 
83E8: 18 40 01 4A 20 08 81 42 E2 B8 F1 31 0C C3 9D 6F 
83F8: F5 6E 39 38 74 F7 F6 E9 38 61 30 49 FC 14 F0 FE 
8308: F0 83 0D 04 4A F1 FE 00 70 00 CE 53 63 6F 72 65 
8318: 20 30 30 30 00 47 61 6D 65 20 4F 76 65 72 21 00 
> d

8328: 59 30 4E 2A 4A 2A 48 4F 2A 01 00 00 30 2A 0C 39 
8338: 00 00 00 FF 28 00 30 34 30 31 30 30 30 30 30 35 
8348: 30 30 37 30 38 32 30 33 30 00 A9 D7 FB DE F1 CC 
8358: 9F 37 76 BE 60 FE A5 AE 01 48 14 42 84 9C 18 80 
8368: 00 04 11 BA 00 83 08 00 10 F2 2F 3F EC BF 34 BF 
8378: 2D 3F A2 E3 5B EB 18 78 01 2E 46 20 04 80 05 02 
8388: 03 04 02 08 28 03 00 00 B2 B2 2F AF 7A AD F3 3B 
8398: 95 A7 CB EB 26 59 7E 23 02 28 00 50 31 6F 01 00 
83A8: 8C 00 40 04 05 03 10 00 38 59 E9 3F 83 3E FF F8 
83B8: DF 48 3F 3D 81 E6 3E AA 08 08 44 00 84 66 02 A3 
83C8: 68 29 18 00 81 72 20 30 A2 D8 39 EF 6F AB 37 E0 
83D8: 78 ED B0 FD 76 63 1D EA 80 C0 0C 01 34 83 0C 8E 
83E8: 18 40 01 4A 20 08 81 42 E2 B8 F1 31 0C C3 9D 6F 
83F8: F5 6E 39 38 74 F7 F6 E9 38 61 30 49 FC 14 F0 FE 
8308: F0 83 0D 04 4A F1 FE 00 70 00 CE 53 63 6F 72 65 
8318: 20 30 30 30 00 47 61 6D 65 20 4F 76 65 72 21 00 
> d

8328: 59 30 4E 2A 4A 2A 48 4F 2A 01 00 00 30 2A 0C 39 
8338: 00 00 00 FF 28 00 30 34 30 31 30 30 30 30 30 35 
8348: 30 30 37 30 38 32 30 33 30 00 A9 D7 FB DE F1 CC 
8358: 9F 37 76 BE 60 FE A5 AE 01 48 14 42 84 9C 18 80 
8368: 00 04 11 BA 00 83 08 00 10 F2 2F 3F EC BF 34 BF 
8378: 2D 3F A2 E3 5B EB 18 78 01 2E 46 20 04 80 05 02 
8388: 03 04 02 08 28 03 00 00 B2 B2 2F AF 7A AD F3 3B 
8398: 95 A7 CB EB 26 59 7E 23 02 28 00 50 31 6F 01 00 
83A8: 8C 00 40 04 05 03 10 00 38 59 E9 3F 83 3E FF F8 
83B8: DF 48 3F 3D 81 E6 3E AA 08 08 44 00 84 66 02 A3 
83C8: 68 29 18 00 81 72 20 30 A2 D8 39 EF 6F AB 37 E0 
83D8: 78 ED B0 FD 76 63 1D EA 80 C0 0C 01 34 83 0C 8E 
83E8: 18 40 01 4A 20 08 81 42 E2 B8 F1 31 0C C3 9D 6F 
83F8: F5 6E 39 38 74 F7 F6 E9 38 61 30 49 FC 14 F0 FE 
8308: F0 83 0D 04 4A F1 FE 00 70 00 CE 53 63 6F 72 65 
8318: 20 30 30 30 00 47 61 6D 65 20 4F 76 65 72 21 00 
> 0


> f


> c0

Enter space separated hex digits, end with Z

123454567612345654321asdfvbgnhmj,k.ytfgd
z
> c0123

Enter space separated hex digits, end with Z

1234567890123456789012345678901234567890



> 